IQ-TREE multicore version 2.1.2 COVID-edition for Linux 64-bit built Oct 22 2020
Developed by Bui Quang Minh, James Barbetti, Nguyen Lam Tung,
Olga Chernomor, Heiko Schmidt, Dominik Schrempf, Michael Woodhams.

Host:    babygroot (AVX2, FMA3, 125 GB RAM)
Command: /usr/bin/iqtree-2.1.2-Linux/bin/iqtree2 -s res_rooted_subsamp_align_fake150_6.fasta --date dates_res_rooted_subsamp_align_fake150_6.txt -te res_rooted_subsamp_align_fake150_6.tre --dating LSD --clock-sd 0.2 -nt AUTO -m GTR+I+R3 --date-ci 100 -o China/fake_1/2020/EPI_ISL_FAKE_1/2019-12-26
Seed:    308430 (Using SPRNG - Scalable Parallel Random Number Generator)
Time:    Fri Oct  8 17:27:50 2021
Kernel:  AVX+FMA - auto-detect threads (64 CPU cores detected)

Reading alignment file res_rooted_subsamp_align_fake150_6.fasta ... Fasta format detected
Alignment most likely contains DNA/RNA sequences
WARNING: 261 sites contain only gaps or ambiguous characters.
Alignment has 142 sequences with 29903 columns, 724 distinct patterns
359 parsimony-informative, 522 singleton sites, 29022 constant sites
                                                              Gap/Ambiguity  Composition  p-value
   1  Canada/fake_67/2020/EPI_ISL_FAKE_67/2020-12-26                  0.87%    passed    100.00%
   2  Canada/fake_164/2021/EPI_ISL_FAKE_164/2021-02-06                0.87%    passed    100.00%
   3  Canada/fake_167/2021/EPI_ISL_FAKE_167/2021-02-06                0.87%    passed     99.99%
   4  Portugal/fake_47/2020/EPI_ISL_FAKE_47/2020-12-12                0.87%    passed    100.00%
   5  Canada/fake_115/2021/EPI_ISL_FAKE_115/2021-01-22                0.87%    passed    100.00%
   6  Portugal/fake_94/2021/EPI_ISL_FAKE_94/2021-01-13                0.87%    passed     99.99%
   7  UnitedKingdom/fake_200/2021/EPI_ISL_FAKE_200/2021-02-18         0.87%    passed    100.00%
   8  Ireland/fake_89/2021/EPI_ISL_FAKE_89/2021-01-09                 0.87%    passed    100.00%
   9  Canada/fake_169/2021/EPI_ISL_FAKE_169/2021-02-07                0.87%    passed    100.00%
  10  Canada/fake_146/2021/EPI_ISL_FAKE_146/2021-02-01                0.87%    passed    100.00%
  11  Canada/fake_48/2020/EPI_ISL_FAKE_48/2020-12-12                  0.87%    passed    100.00%
  12  Canada/fake_53/2020/EPI_ISL_FAKE_53/2020-12-14                  0.87%    passed    100.00%
  13  Canada/fake_127/2021/EPI_ISL_FAKE_127/2021-01-25                0.87%    passed     99.97%
  14  USA/fake_181/2021/EPI_ISL_FAKE_181/2021-02-10                   0.87%    passed     99.97%
  15  Canada/fake_84/2021/EPI_ISL_FAKE_84/2021-01-07                  0.87%    passed    100.00%
  16  Canada/fake_4/2020/EPI_ISL_FAKE_4/2020-08-01                    0.87%    passed    100.00%
  17  Canada/fake_3/2020/EPI_ISL_FAKE_3/2020-07-13                    0.87%    passed    100.00%
  18  UnitedKingdom/fake_7/2020/EPI_ISL_FAKE_7/2020-08-13             0.87%    passed    100.00%
  19  Canada/fake_83/2021/EPI_ISL_FAKE_83/2021-01-07                  0.87%    passed    100.00%
  20  UnitedArabEmirates/fake_107/2021/EPI_ISL_FAKE_107/2021-01-18    0.87%    passed    100.00%
  21  Canada/fake_87/2021/EPI_ISL_FAKE_87/2021-01-08                  0.87%    passed    100.00%
  22  Spain/fake_112/2021/EPI_ISL_FAKE_112/2021-01-21                 0.87%    passed     99.99%
  23  Canada/fake_57/2020/EPI_ISL_FAKE_57/2020-12-17                  0.87%    passed    100.00%
  24  Canada/fake_166/2021/EPI_ISL_FAKE_166/2021-02-06                0.87%    passed     99.97%
  25  Canada/fake_106/2021/EPI_ISL_FAKE_106/2021-01-17                0.87%    passed    100.00%
  26  Canada/fake_174/2021/EPI_ISL_FAKE_174/2021-02-08                0.87%    passed    100.00%
  27  Canada/fake_21/2020/EPI_ISL_FAKE_21/2020-10-26                  0.87%    passed    100.00%
  28  Canada/fake_55/2020/EPI_ISL_FAKE_55/2020-12-14                  0.87%    passed    100.00%
  29  Canada/fake_32/2020/EPI_ISL_FAKE_32/2020-11-16                  0.87%    passed    100.00%
  30  UnitedKingdom/fake_22/2020/EPI_ISL_FAKE_22/2020-10-26           0.87%    passed    100.00%
  31  USA/fake_69/2020/EPI_ISL_FAKE_69/2020-12-27                     0.87%    passed    100.00%
  32  USA/fake_15/2020/EPI_ISL_FAKE_15/2020-10-13                     0.87%    passed     99.99%
  33  USA/fake_51/2020/EPI_ISL_FAKE_51/2020-12-13                     0.87%    passed     99.98%
  34  Canada/fake_16/2020/EPI_ISL_FAKE_16/2020-10-14                  0.87%    passed     99.99%
  35  Canada/fake_50/2020/EPI_ISL_FAKE_50/2020-12-12                  0.87%    passed     99.99%
  36  Canada/fake_38/2020/EPI_ISL_FAKE_38/2020-11-28                  0.87%    passed    100.00%
  37  Canada/fake_128/2021/EPI_ISL_FAKE_128/2021-01-25                0.87%    passed    100.00%
  38  France/fake_195/2021/EPI_ISL_FAKE_195/2021-02-16                0.87%    passed     99.99%
  39  Spain/fake_9/2020/EPI_ISL_FAKE_9/2020-09-06                     0.87%    passed    100.00%
  40  UnitedKingdom/fake_70/2020/EPI_ISL_FAKE_70/2020-12-27           0.87%    passed     99.99%
  41  Canada/fake_8/2020/EPI_ISL_FAKE_8/2020-08-20                    0.87%    passed    100.00%
  42  UnitedKingdom/fake_23/2020/EPI_ISL_FAKE_23/2020-10-27           0.87%    passed    100.00%
  43  Canada/fake_79/2021/EPI_ISL_FAKE_79/2021-01-05                  0.87%    passed     99.99%
  44  Canada/fake_91/2021/EPI_ISL_FAKE_91/2021-01-10                  0.87%    passed    100.00%
  45  Canada/fake_101/2021/EPI_ISL_FAKE_101/2021-01-16                0.87%    passed    100.00%
  46  Canada/fake_49/2020/EPI_ISL_FAKE_49/2020-12-12                  0.87%    passed    100.00%
  47  Canada/fake_161/2021/EPI_ISL_FAKE_161/2021-02-05                0.87%    passed     99.99%
  48  Canada/fake_66/2020/EPI_ISL_FAKE_66/2020-12-24                  0.87%    passed    100.00%
  49  USA/fake_113/2021/EPI_ISL_FAKE_113/2021-01-21                   0.87%    passed    100.00%
  50  Canada/fake_27/2020/EPI_ISL_FAKE_27/2020-11-05                  0.87%    passed    100.00%
  51  USA/fake_35/2020/EPI_ISL_FAKE_35/2020-11-23                     0.87%    passed    100.00%
  52  UnitedKingdom/fake_36/2020/EPI_ISL_FAKE_36/2020-11-24           0.87%    passed     99.99%
  53  Canada/fake_82/2021/EPI_ISL_FAKE_82/2021-01-05                  0.87%    passed     99.99%
  54  Canada/fake_173/2021/EPI_ISL_FAKE_173/2021-02-08                0.87%    passed     99.99%
  55  Canada/fake_191/2021/EPI_ISL_FAKE_191/2021-02-13                0.87%    passed     99.99%
  56  Thailand/fake_14/2020/EPI_ISL_FAKE_14/2020-10-13                0.87%    passed    100.00%
  57  Canada/fake_44/2020/EPI_ISL_FAKE_44/2020-12-05                  0.87%    passed    100.00%
  58  Canada/fake_63/2020/EPI_ISL_FAKE_63/2020-12-24                  0.87%    passed    100.00%
  59  Canada/fake_68/2020/EPI_ISL_FAKE_68/2020-12-26                  0.87%    passed    100.00%
  60  Canada/fake_76/2021/EPI_ISL_FAKE_76/2021-01-03                  0.87%    passed     99.97%
  61  Netherlands/fake_40/2020/EPI_ISL_FAKE_40/2020-11-29             0.87%    passed     99.99%
  62  Canada/fake_148/2021/EPI_ISL_FAKE_148/2021-02-02                0.87%    passed    100.00%
  63  France/fake_54/2020/EPI_ISL_FAKE_54/2020-12-14                  0.87%    passed     99.99%
  64  India/fake_131/2021/EPI_ISL_FAKE_131/2021-01-26                 0.87%    passed     99.99%
  65  USA/fake_24/2020/EPI_ISL_FAKE_24/2020-10-30                     0.87%    passed    100.00%
  66  Canada/fake_86/2021/EPI_ISL_FAKE_86/2021-01-08                  0.87%    passed     99.99%
  67  Canada/fake_175/2021/EPI_ISL_FAKE_175/2021-02-09                0.87%    passed     99.98%
  68  USA/fake_192/2021/EPI_ISL_FAKE_192/2021-02-13                   0.87%    passed    100.00%
  69  Russia/fake_129/2021/EPI_ISL_FAKE_129/2021-01-26                0.87%    passed     99.99%
  70  Canada/fake_134/2021/EPI_ISL_FAKE_134/2021-01-27                0.87%    passed    100.00%
  71  Canada/fake_42/2020/EPI_ISL_FAKE_42/2020-12-01                  0.87%    passed     99.98%
  72  Canada/fake_80/2021/EPI_ISL_FAKE_80/2021-01-05                  0.87%    passed     99.98%
  73  Canada/fake_33/2020/EPI_ISL_FAKE_33/2020-11-19                  0.87%    passed    100.00%
  74  Canada/fake_171/2021/EPI_ISL_FAKE_171/2021-02-08                0.87%    passed    100.00%
  75  Canada/fake_97/2021/EPI_ISL_FAKE_97/2021-01-14                  0.87%    passed    100.00%
  76  UnitedKingdom/fake_188/2021/EPI_ISL_FAKE_188/2021-02-12         0.87%    passed    100.00%
  77  Canada/fake_100/2021/EPI_ISL_FAKE_100/2021-01-16                0.87%    passed    100.00%
  78  Canada/fake_72/2020/EPI_ISL_FAKE_72/2020-12-29                  0.87%    passed    100.00%
  79  Canada/fake_77/2021/EPI_ISL_FAKE_77/2021-01-03                  0.87%    passed    100.00%
  80  Canada/fake_58/2020/EPI_ISL_FAKE_58/2020-12-18                  0.87%    passed    100.00%
  81  UnitedKingdom/fake_71/2020/EPI_ISL_FAKE_71/2020-12-27           0.87%    passed     99.99%
  82  UnitedKingdom/fake_154/2021/EPI_ISL_FAKE_154/2021-02-02         0.87%    passed    100.00%
  83  Canada/fake_5/2020/EPI_ISL_FAKE_5/2020-08-01                    0.87%    passed    100.00%
  84  Canada/fake_6/2020/EPI_ISL_FAKE_6/2020-08-03                    0.87%    passed    100.00%
  85  Canada/fake_163/2021/EPI_ISL_FAKE_163/2021-02-05                0.87%    passed     99.95%
  86  Canada/fake_46/2020/EPI_ISL_FAKE_46/2020-12-09                  0.87%    passed     99.98%
  87  Canada/fake_75/2021/EPI_ISL_FAKE_75/2021-01                     0.87%    passed     99.98%
  88  Canada/fake_109/2021/EPI_ISL_FAKE_109/2021-01-19                0.87%    passed    100.00%
  89  Canada/fake_172/2021/EPI_ISL_FAKE_172/2021-02-08                0.87%    passed    100.00%
  90  Canada/fake_56/2020/EPI_ISL_FAKE_56/2020-12-15                  0.87%    passed    100.00%
  91  Canada/fake_85/2021/EPI_ISL_FAKE_85/2021-01-08                  0.87%    passed    100.00%
  92  Canada/fake_37/2020/EPI_ISL_FAKE_37/2020-11-24                  0.87%    passed     99.97%
  93  USA/fake_103/2021/EPI_ISL_FAKE_103/2021-01-17                   0.87%    passed    100.00%
  94  USA/fake_178/2021/EPI_ISL_FAKE_178/2021-02-09                   0.87%    passed     99.99%
  95  Canada/fake_93/2021/EPI_ISL_FAKE_93/2021-01-10                  0.87%    passed    100.00%
  96  France/fake_184/2021/EPI_ISL_FAKE_184/2021-02-12                0.87%    passed    100.00%
  97  Canada/fake_73/2020/EPI_ISL_FAKE_73/2020-12                     0.87%    passed    100.00%
  98  Canada/fake_114/2021/EPI_ISL_FAKE_114/2021-01                   0.87%    passed     99.99%
  99  Canada/fake_45/2020/EPI_ISL_FAKE_45/2020-12-07                  0.87%    passed     99.99%
 100  Canada/fake_74/2021/EPI_ISL_FAKE_74/2021-01-02                  0.87%    passed    100.00%
 101  USA/fake_144/2021/EPI_ISL_FAKE_144/2021-01-30                   0.87%    passed    100.00%
 102  Canada/fake_12/2020/EPI_ISL_FAKE_12/2020-10-05                  0.87%    passed    100.00%
 103  Canada/fake_117/2021/EPI_ISL_FAKE_117/2021-01-22                0.87%    passed     99.98%
 104  Canada/fake_61/2020/EPI_ISL_FAKE_61/2020-12-19                  0.87%    passed    100.00%
 105  Canada/fake_147/2021/EPI_ISL_FAKE_147/2021-02-01                0.87%    passed     99.99%
 106  Canada/fake_64/2020/EPI_ISL_FAKE_64/2020-12-24                  0.87%    passed     99.99%
 107  Canada/fake_25/2020/EPI_ISL_FAKE_25/2020-10-30                  0.87%    passed    100.00%
 108  Canada/fake_162/2021/EPI_ISL_FAKE_162/2021-02-05                0.87%    passed     99.99%
 109  UnitedKingdom/fake_2/2020/EPI_ISL_FAKE_2/2020-07-02             0.87%    passed    100.00%
 110  UnitedKingdom/fake_34/2020/EPI_ISL_FAKE_34/2020-11-20           0.87%    passed     99.99%
 111  France/fake_120/2021/EPI_ISL_FAKE_120/2021-01-23                0.87%    passed     99.99%
 112  Canada/fake_126/2021/EPI_ISL_FAKE_126/2021-01-25                0.87%    passed    100.00%
 113  Canada/fake_52/2020/EPI_ISL_FAKE_52/2020-12-13                  0.87%    passed    100.00%
 114  Canada/fake_62/2020/EPI_ISL_FAKE_62/2020-12-22                  0.87%    passed     99.96%
 115  UnitedKingdom/fake_168/2021/EPI_ISL_FAKE_168/2021-02-07         0.87%    passed     99.94%
 116  USA/fake_19/2020/EPI_ISL_FAKE_19/2020-10-18                     0.87%    passed     99.99%
 117  Canada/fake_29/2020/EPI_ISL_FAKE_29/2020-11                     0.87%    passed     99.99%
 118  Canada/fake_39/2020/EPI_ISL_FAKE_39/2020-11-28                  0.87%    passed    100.00%
 119  Canada/fake_41/2020/EPI_ISL_FAKE_41/2020-11-29                  0.87%    passed    100.00%
 120  Canada/fake_60/2020/EPI_ISL_FAKE_60/2020-12-18                  0.87%    passed    100.00%
 121  Canada/fake_81/2021/EPI_ISL_FAKE_81/2021-01-05                  0.87%    passed     99.99%
 122  USA/fake_92/2021/EPI_ISL_FAKE_92/2021-01-10                     0.87%    passed    100.00%
 123  Canada/fake_160/2021/EPI_ISL_FAKE_160/2021-02-04                0.87%    passed    100.00%
 124  Canada/fake_28/2020/EPI_ISL_FAKE_28/2020-11-05                  0.87%    passed    100.00%
 125  USA/fake_110/2021/EPI_ISL_FAKE_110/2021-01-19                   0.87%    passed    100.00%
 126  Canada/fake_78/2021/EPI_ISL_FAKE_78/2021-01-04                  0.87%    passed     99.98%
 127  Canada/fake_135/2021/EPI_ISL_FAKE_135/2021-01-28                0.87%    passed    100.00%
 128  USA/fake_17/2020/EPI_ISL_FAKE_17/2020-10-14                     0.87%    passed     99.99%
 129  Canada/fake_59/2020/EPI_ISL_FAKE_59/2020-12-18                  0.87%    passed     99.99%
 130  Canada/fake_176/2021/EPI_ISL_FAKE_176/2021-02-09                0.87%    passed    100.00%
 131  Canada/fake_26/2020/EPI_ISL_FAKE_26/2020-11-02                  0.87%    passed     99.99%
 132  Canada/fake_165/2021/EPI_ISL_FAKE_165/2021-02-06                0.87%    passed    100.00%
 133  Canada/fake_10/2020/EPI_ISL_FAKE_10/2020-10-01                  0.87%    passed    100.00%
 134  Canada/fake_30/2020/EPI_ISL_FAKE_30/2020-11-12                  0.87%    passed    100.00%
 135  UnitedKingdom/fake_95/2021/EPI_ISL_FAKE_95/2021-01-14           0.87%    passed     99.99%
 136  Canada/fake_170/2021/EPI_ISL_FAKE_170/2021-02                   0.87%    passed     99.98%
 137  UnitedKingdom/fake_190/2021/EPI_ISL_FAKE_190/2021-02-13         0.87%    passed     99.95%
 138  Canada/fake_13/2020/EPI_ISL_FAKE_13/2020-10-10                  0.87%    passed     99.99%
 139  UnitedKingdom/fake_31/2020/EPI_ISL_FAKE_31/2020-11-13           0.87%    passed    100.00%
 140  Japan/fake_65/2020/EPI_ISL_FAKE_65/2020-12-24                   0.87%    passed     99.99%
 141  USA/fake_122/2021/EPI_ISL_FAKE_122/2021-01-23                   0.87%    passed     99.99%
 142  China/fake_1/2020/EPI_ISL_FAKE_1/2019-12-26                     0.87%    passed    100.00%
****  TOTAL                                                           0.87%  0 sequences failed composition chi2 test (p-value<5%; df=3)
NOTE: UnitedArabEmirates/fake_107/2021/EPI_ISL_FAKE_107/2021-01-18 is identical to Canada/fake_83/2021/EPI_ISL_FAKE_83/2021-01-07 but kept for subsequent analysis
NOTE: Canada/fake_6/2020/EPI_ISL_FAKE_6/2020-08-03 is identical to Canada/fake_5/2020/EPI_ISL_FAKE_5/2020-08-01 but kept for subsequent analysis
Reading input tree file res_rooted_subsamp_align_fake150_6.tre ... rooted tree

NOTE: 10 MB RAM (0 GB) is required!
Measuring multi-threading efficiency up to 64 CPU cores
Increase to 10 rounds for branch lengths
1308 trees examined
Threads: 1 / Time: 64.026 sec / Speedup: 1.000 / Efficiency: 100% / LogL: -60515
Threads: 2 / Time: 62.913 sec / Speedup: 1.018 / Efficiency: 51% / LogL: -60515
Threads: 3 / Time: 57.476 sec / Speedup: 1.114 / Efficiency: 37% / LogL: -60515
BEST NUMBER OF THREADS: 1

Estimate model parameters (epsilon = 0.010)
1. Initial log-likelihood: -49994.268
2. Current log-likelihood: -49863.788
3. Current log-likelihood: -49862.267
4. Current log-likelihood: -49861.075
5. Current log-likelihood: -49860.133
6. Current log-likelihood: -49859.376
7. Current log-likelihood: -49858.762
8. Current log-likelihood: -49858.261
9. Current log-likelihood: -49857.839
10. Current log-likelihood: -49857.483
11. Current log-likelihood: -49857.181
12. Current log-likelihood: -49856.922
13. Current log-likelihood: -49856.700
14. Current log-likelihood: -49856.507
15. Current log-likelihood: -49856.340
16. Current log-likelihood: -49856.195
17. Current log-likelihood: -49856.067
18. Current log-likelihood: -49855.956
19. Current log-likelihood: -49855.858
20. Current log-likelihood: -49855.773
21. Current log-likelihood: -49855.697
22. Current log-likelihood: -49855.630
23. Current log-likelihood: -49855.571
24. Current log-likelihood: -49855.519
25. Current log-likelihood: -49855.472
26. Current log-likelihood: -49855.431
27. Current log-likelihood: -49855.394
28. Current log-likelihood: -49855.360
29. Current log-likelihood: -49855.330
30. Current log-likelihood: -49855.302
31. Current log-likelihood: -49855.277
32. Current log-likelihood: -49855.254
33. Current log-likelihood: -49855.233
34. Current log-likelihood: -49855.213
35. Current log-likelihood: -49855.195
36. Current log-likelihood: -49855.178
37. Current log-likelihood: -49855.162
38. Current log-likelihood: -49855.147
39. Current log-likelihood: -49855.132
40. Current log-likelihood: -49855.119
41. Current log-likelihood: -49855.105
42. Current log-likelihood: -49855.093
43. Current log-likelihood: -49855.081
44. Current log-likelihood: -49855.069
45. Current log-likelihood: -49855.057
46. Current log-likelihood: -49855.046
47. Current log-likelihood: -49855.035
48. Current log-likelihood: -49855.025
49. Current log-likelihood: -49855.014
50. Current log-likelihood: -49855.004
51. Current log-likelihood: -49854.993
52. Current log-likelihood: -49854.983
53. Current log-likelihood: -49854.973
Optimal log-likelihood: -49854.963
Rate parameters:  A-C: 0.92470  A-G: 0.81592  A-T: 0.78124  C-G: 1.16572  C-T: 0.89113  G-T: 1.00000
Base frequencies:  A: 0.299  C: 0.184  G: 0.196  T: 0.321
Proportion of invariable sites: 0.452
Site proportion and rates:  (0.179,1.794) (0.184,1.837) (0.184,1.845)
Parameters optimization took 53 rounds (4.812 sec)
BEST SCORE FOUND : -49854.963
Total tree length: 0.030

Total number of iterations: 0
CPU time used for tree search: 0.000 sec (0h:0m:0s)
Wall-clock time used for tree search: 0.000 sec (0h:0m:0s)
Total CPU time used: 376.857 sec (0h:6m:16s)
Total wall-clock time used: 189.240 sec (0h:3m:9s)

Analysis results written to: 
  IQ-TREE report:                res_rooted_subsamp_align_fake150_6.fasta.iqtree
  Maximum-likelihood tree:       res_rooted_subsamp_align_fake150_6.fasta.treefile
  Screen log file:               res_rooted_subsamp_align_fake150_6.fasta.log

--- Start phylogenetic dating ---
Reading date file dates_res_rooted_subsamp_align_fake150_6.txt ...
142 dates extracted
Building time tree by least-square dating (LSD) with command:
lsd -i res_rooted_subsamp_align_fake150_6.fasta.timetree.subst -s 29903 -o res_rooted_subsamp_align_fake150_6.fasta.timetree -f 100 -q 0.2 -g res_rooted_subsamp_align_fake150_6.fasta.timetree.outgroup -d res_rooted_subsamp_align_fake150_6.fasta.timetree.date 
Reroot the tree(s) using given outgroups ...

TREE 1
*PROCESSING:
Reading the tree ... 
Collapse 39 (over 140) internal branches having branch length <= 1.67e-05
 (settable via option -l)
Parameter to adjust variances was set to 0.000334 (settable via option -b)
Minimum branch length of time scaled tree (settable via option -u and -U): 0
Estimating the root position on the branch defined by given outgroups ...
Computing confidence intervals using sequence length 29903 and a lognormal
 relaxed clock with mean 1, standard deviation 0.2 (settable via option -q)
*WARNINGS:
- 27.8571% internal branches were collapsed.
*RESULTS:
- Dating results:
 rate 0.0006799, tMRCA 2019-12-26 , objective function 0.000998041
- Results with confidence intervals:
 rate 0.0006799 [0.000568989; 0.000771706], tMRCA 2019-12-26 [2019-11-23; 2019-12-26], objective function 0.000998041

TOTAL ELAPSED TIME: 0.0501 seconds
LSD results written to:
  LSD report:                  res_rooted_subsamp_align_fake150_6.fasta.timetree.lsd
  Time tree in nexus format:   res_rooted_subsamp_align_fake150_6.fasta.timetree.nex
  Time tree in newick format:  res_rooted_subsamp_align_fake150_6.fasta.timetree.nwk

--- End phylogenetic dating ---
Date and Time: Fri Oct  8 17:30:59 2021
